2025-05-12 14:49:37 - HV000001: Hibernate Validator 8.0.1.Final
2025-05-12 14:49:37 - Starting CloneApplication using Java 17.0.10 with PID 11892 (D:\Study Summary\clonecode\back\clone\bin\main started by bule9 in D:\Study Summary\clonecode\back)
2025-05-12 14:49:37 - No active profile set, falling back to 1 default profile: "default"
2025-05-12 14:49:37 - Devtools property defaults active! Set 'spring.devtools.add-properties' to 'false' to disable
2025-05-12 14:49:37 - For additional web related logging consider setting the 'logging.level.web' property to 'DEBUG'
2025-05-12 14:49:38 - Bootstrapping Spring Data JPA repositories in DEFAULT mode.
2025-05-12 14:49:38 - Finished Spring Data repository scanning in 66 ms. Found 10 JPA repository interfaces.
2025-05-12 14:49:38 - No MyBatis mapper was found in '[com.clonecod.clone]' package. Please check your configuration.
2025-05-12 14:49:38 - Tomcat initialized with port(s): 8080 (http)
2025-05-12 14:49:38 - Initializing ProtocolHandler ["http-nio-8080"]
2025-05-12 14:49:38 - Starting service [Tomcat]
2025-05-12 14:49:38 - Starting Servlet engine: [Apache Tomcat/10.1.15]
2025-05-12 14:49:38 - Initializing Spring embedded WebApplicationContext
2025-05-12 14:49:38 - Root WebApplicationContext: initialization completed in 1470 ms
2025-05-12 14:49:39 - HHH000204: Processing PersistenceUnitInfo [name: default]
2025-05-12 14:49:39 - HHH000412: Hibernate ORM core version 6.2.13.Final
2025-05-12 14:49:39 - HHH000406: Using bytecode reflection optimizer
2025-05-12 14:49:39 - No LoadTimeWeaver setup: ignoring JPA class transformer
2025-05-12 14:49:39 - HikariPool-1 - Starting...
2025-05-12 14:49:39 - HikariPool-1 - Added connection com.mysql.cj.jdbc.ConnectionImpl@346c98b5
2025-05-12 14:49:39 - HikariPool-1 - Start completed.
2025-05-12 14:49:39 - HHH90000025: MySQL8Dialect does not need to be specified explicitly using 'hibernate.dialect' (remove the property setting and it will be selected by default)
2025-05-12 14:49:39 - HHH90000026: MySQL8Dialect has been deprecated; use org.hibernate.dialect.MySQLDialect instead
2025-05-12 14:49:40 - HHH000489: No JTA platform available (set 'hibernate.transaction.jta.platform' to enable JTA platform integration)
2025-05-12 14:49:40 - 
    alter table bookdetail 
       modify column rating DECIMAL(3,2)
2025-05-12 14:49:40 - Initialized JPA EntityManagerFactory for persistence unit 'default'
2025-05-12 14:49:40 - Using deprecated '-debug' fallback for parameter name resolution. Compile the affected code with '-parameters' instead or avoid its introspection: com.clonecod.clone.repository.BookDetailRepository
2025-05-12 14:49:40 - Hibernate is in classpath; If applicable, HQL parser will be used.
2025-05-12 14:49:41 - Using deprecated '-debug' fallback for parameter name resolution. Compile the affected code with '-parameters' instead or avoid its introspection: com.clonecod.clone.repository.ReviewRepository
2025-05-12 14:49:41 - Using deprecated '-debug' fallback for parameter name resolution. Compile the affected code with '-parameters' instead or avoid its introspection: com.clonecod.clone.repository.EventRepository
2025-05-12 14:49:41 - Using deprecated '-debug' fallback for parameter name resolution. Compile the affected code with '-parameters' instead or avoid its introspection: com.clonecod.clone.repository.EventDetailRepository
2025-05-12 14:49:41 - Using deprecated '-debug' fallback for parameter name resolution. Compile the affected code with '-parameters' instead or avoid its introspection: com.clonecod.clone.repository.MemberRepository
2025-05-12 14:49:41 - Using deprecated '-debug' fallback for parameter name resolution. Compile the affected code with '-parameters' instead or avoid its introspection: com.clonecod.clone.repository.PurchaseRepository
2025-05-12 14:49:41 - Using deprecated '-debug' fallback for parameter name resolution. Compile the affected code with '-parameters' instead or avoid its introspection: com.clonecod.clone.repository.ShoppingCartRepository
2025-05-12 14:49:41 - Using deprecated '-debug' fallback for parameter name resolution. Compile the affected code with '-parameters' instead or avoid its introspection: com.clonecod.clone.repository.SubCategoryRepository
2025-05-12 14:49:41 - spring.jpa.open-in-view is enabled by default. Therefore, database queries may be performed during view rendering. Explicitly configure spring.jpa.open-in-view to disable this warning
2025-05-12 14:49:41 - 

Using generated security password: 9cee6b73-6c7e-4ad3-a274-ce75b963486c

This generated password is for development use only. Your security configuration must be updated before running your application in production.

2025-05-12 14:49:42 - Will secure any request with [org.springframework.security.web.session.DisableEncodeUrlFilter@94bdc67, org.springframework.security.web.context.request.async.WebAsyncManagerIntegrationFilter@1800f4a9, org.springframework.security.web.context.SecurityContextHolderFilter@6c10ca98, org.springframework.security.web.header.HeaderWriterFilter@32891ecd, org.springframework.web.filter.CorsFilter@6f413c43, org.springframework.security.web.authentication.logout.LogoutFilter@51d73868, org.springframework.security.web.savedrequest.RequestCacheAwareFilter@129d9703, org.springframework.security.web.servletapi.SecurityContextHolderAwareRequestFilter@85560ba, org.springframework.security.web.authentication.AnonymousAuthenticationFilter@224e1d06, org.springframework.security.web.access.ExceptionTranslationFilter@5c50d2e3, org.springframework.security.web.access.intercept.AuthorizationFilter@3425314]
2025-05-12 14:49:42 - LiveReload server is running on port 35729
2025-05-12 14:49:42 - Starting ProtocolHandler ["http-nio-8080"]
2025-05-12 14:49:42 - Tomcat started on port(s): 8080 (http) with context path ''
2025-05-12 14:49:42 - Started CloneApplication in 5.405 seconds (process running for 5.898)
2025-05-12 14:49:48 - Initializing Spring DispatcherServlet 'dispatcherServlet'
2025-05-12 14:49:48 - Initializing Servlet 'dispatcherServlet'
2025-05-12 14:49:48 - Completed initialization in 1 ms
2025-05-12 14:49:48 - Using deprecated '-debug' fallback for parameter name resolution. Compile the affected code with '-parameters' instead or avoid its introspection: com.clonecod.clone.controller.BookController
2025-05-12 14:49:48 - 카테고리별 도서 조회 - 상위: 1, 하위: null, 페이지: 0, 크기: 20, 정렬: bookId,asc, 기간: rating
2025-05-12 14:49:48 - 상위 카테고리 조회 - topCategoryId: 1
2025-05-12 14:49:48 - 
    select
        b1_0.book_id,
        b1_0.writers_comment,
        b1_0.book_index,
        b1_0.cover,
        b1_0.discount_rate,
        b1_0.price,
        b1_0.publication_date,
        b1_0.publisher,
        b1_0.rating,
        b1_0.subcategory_id,
        b1_0.title,
        b1_0.top_category_id,
        b1_0.writer 
    from
        bookdetail b1_0 
    where
        b1_0.top_category_id=? 
    order by
        b1_0.rating desc 
    limit
        ?,?
2025-05-12 14:49:48 - 
    select
        e1_0.event_id,
        e1_0.big_cover,
        e1_0.book_id,
        e1_0.cover,
        e1_0.discount_rate,
        e1_0.end_date,
        e1_0.start_date,
        e1_0.title 
    from
        event e1_0 
    where
        e1_0.start_date<=? 
        and e1_0.end_date>=?
2025-05-12 14:49:48 - 
    select
        e1_0.event_detail_id,
        e1_0.event_id,
        e1_0.event_detail 
    from
        eventdetail e1_0 
    where
        e1_0.event_detail_id=?
2025-05-12 14:49:48 - 
    select
        count(b1_0.book_id) 
    from
        bookdetail b1_0 
    where
        b1_0.top_category_id=?
2025-05-12 14:49:48 - 
    select
        e1_0.event_detail_id,
        e1_0.event_id,
        e1_0.event_detail 
    from
        eventdetail e1_0 
    where
        e1_0.event_detail_id=?
2025-05-12 14:49:48 - 
    select
        e1_0.event_detail_id,
        e1_0.event_id,
        e1_0.event_detail 
    from
        eventdetail e1_0 
    where
        e1_0.event_detail_id=?
2025-05-12 14:49:48 - 
    select
        e1_0.event_detail_id,
        e1_0.event_id,
        e1_0.event_detail 
    from
        eventdetail e1_0 
    where
        e1_0.event_detail_id=?
2025-05-12 14:49:48 - 
    select
        e1_0.event_detail_id,
        e1_0.event_id,
        e1_0.event_detail 
    from
        eventdetail e1_0 
    where
        e1_0.event_detail_id=?
2025-05-12 14:49:48 - 
    select
        e1_0.event_detail_id,
        e1_0.event_id,
        e1_0.event_detail 
    from
        eventdetail e1_0 
    where
        e1_0.event_detail_id=?
2025-05-12 14:49:48 - 
    select
        e1_0.event_detail_id,
        e1_0.event_id,
        e1_0.event_detail 
    from
        eventdetail e1_0 
    where
        e1_0.event_detail_id=?
2025-05-12 14:49:48 - 
    select
        e1_0.event_detail_id,
        e1_0.event_id,
        e1_0.event_detail 
    from
        eventdetail e1_0 
    where
        e1_0.event_detail_id=?
2025-05-12 14:49:48 - 
    select
        e1_0.event_detail_id,
        e1_0.event_id,
        e1_0.event_detail 
    from
        eventdetail e1_0 
    where
        e1_0.event_detail_id=?
2025-05-12 14:49:48 - 
    select
        e1_0.event_detail_id,
        e1_0.event_id,
        e1_0.event_detail 
    from
        eventdetail e1_0 
    where
        e1_0.event_detail_id=?
2025-05-12 14:49:48 - 
    select
        e1_0.event_detail_id,
        e1_0.event_id,
        e1_0.event_detail 
    from
        eventdetail e1_0 
    where
        e1_0.event_detail_id=?
2025-05-12 14:49:48 - 
    select
        e1_0.event_detail_id,
        e1_0.event_id,
        e1_0.event_detail 
    from
        eventdetail e1_0 
    where
        e1_0.event_detail_id=?
2025-05-12 14:49:48 - 
    select
        e1_0.event_detail_id,
        e1_0.event_id,
        e1_0.event_detail 
    from
        eventdetail e1_0 
    where
        e1_0.event_detail_id=?
2025-05-12 14:49:48 - 
    select
        e1_0.event_detail_id,
        e1_0.event_id,
        e1_0.event_detail 
    from
        eventdetail e1_0 
    where
        e1_0.event_detail_id=?
2025-05-12 14:49:48 - 
    select
        e1_0.event_detail_id,
        e1_0.event_id,
        e1_0.event_detail 
    from
        eventdetail e1_0 
    where
        e1_0.event_detail_id=?
2025-05-12 14:49:48 - 
    select
        e1_0.event_detail_id,
        e1_0.event_id,
        e1_0.event_detail 
    from
        eventdetail e1_0 
    where
        e1_0.event_detail_id=?
2025-05-12 14:49:48 - 
    select
        e1_0.event_detail_id,
        e1_0.event_id,
        e1_0.event_detail 
    from
        eventdetail e1_0 
    where
        e1_0.event_detail_id=?
2025-05-12 14:49:48 - 
    select
        e1_0.event_detail_id,
        e1_0.event_id,
        e1_0.event_detail 
    from
        eventdetail e1_0 
    where
        e1_0.event_detail_id=?
2025-05-12 14:49:48 - 
    select
        e1_0.event_detail_id,
        e1_0.event_id,
        e1_0.event_detail 
    from
        eventdetail e1_0 
    where
        e1_0.event_detail_id=?
2025-05-12 14:49:48 - 
    select
        e1_0.event_detail_id,
        e1_0.event_id,
        e1_0.event_detail 
    from
        eventdetail e1_0 
    where
        e1_0.event_detail_id=?
2025-05-12 14:49:48 - 
    select
        e1_0.event_detail_id,
        e1_0.event_id,
        e1_0.event_detail 
    from
        eventdetail e1_0 
    where
        e1_0.event_detail_id=?
2025-05-12 14:49:48 - 
    select
        e1_0.event_detail_id,
        e1_0.event_id,
        e1_0.event_detail 
    from
        eventdetail e1_0 
    where
        e1_0.event_detail_id=?
2025-05-12 14:49:48 - 
    select
        e1_0.event_detail_id,
        e1_0.event_id,
        e1_0.event_detail 
    from
        eventdetail e1_0 
    where
        e1_0.event_detail_id=?
2025-05-12 14:49:48 - 
    select
        e1_0.event_detail_id,
        e1_0.event_id,
        e1_0.event_detail 
    from
        eventdetail e1_0 
    where
        e1_0.event_detail_id=?
2025-05-12 14:49:48 - 
    select
        e1_0.event_detail_id,
        e1_0.event_id,
        e1_0.event_detail 
    from
        eventdetail e1_0 
    where
        e1_0.event_detail_id=?
2025-05-12 14:49:48 - 
    select
        e1_0.event_detail_id,
        e1_0.event_id,
        e1_0.event_detail 
    from
        eventdetail e1_0 
    where
        e1_0.event_detail_id=?
2025-05-12 14:49:48 - 
    select
        e1_0.event_detail_id,
        e1_0.event_id,
        e1_0.event_detail 
    from
        eventdetail e1_0 
    where
        e1_0.event_detail_id=?
2025-05-12 14:49:48 - 
    select
        e1_0.event_detail_id,
        e1_0.event_id,
        e1_0.event_detail 
    from
        eventdetail e1_0 
    where
        e1_0.event_detail_id=?
2025-05-12 14:49:49 - 카테고리별 도서 조회 - 상위: 1, 하위: null, 페이지: 0, 크기: 20, 정렬: bookId,asc, 기간: rating
2025-05-12 14:49:49 - 
    select
        e1_0.event_id,
        e1_0.big_cover,
        e1_0.book_id,
        e1_0.cover,
        e1_0.discount_rate,
        e1_0.end_date,
        e1_0.start_date,
        e1_0.title 
    from
        event e1_0 
    where
        e1_0.start_date<=? 
        and e1_0.end_date>=?
2025-05-12 14:49:49 - 상위 카테고리 조회 - topCategoryId: 1
2025-05-12 14:49:49 - 
    select
        b1_0.book_id,
        b1_0.writers_comment,
        b1_0.book_index,
        b1_0.cover,
        b1_0.discount_rate,
        b1_0.price,
        b1_0.publication_date,
        b1_0.publisher,
        b1_0.rating,
        b1_0.subcategory_id,
        b1_0.title,
        b1_0.top_category_id,
        b1_0.writer 
    from
        bookdetail b1_0 
    where
        b1_0.top_category_id=? 
    order by
        b1_0.rating desc 
    limit
        ?,?
2025-05-12 14:49:49 - 
    select
        e1_0.event_detail_id,
        e1_0.event_id,
        e1_0.event_detail 
    from
        eventdetail e1_0 
    where
        e1_0.event_detail_id=?
2025-05-12 14:49:49 - 
    select
        e1_0.event_detail_id,
        e1_0.event_id,
        e1_0.event_detail 
    from
        eventdetail e1_0 
    where
        e1_0.event_detail_id=?
2025-05-12 14:49:49 - 
    select
        e1_0.event_detail_id,
        e1_0.event_id,
        e1_0.event_detail 
    from
        eventdetail e1_0 
    where
        e1_0.event_detail_id=?
2025-05-12 14:49:49 - 
    select
        count(b1_0.book_id) 
    from
        bookdetail b1_0 
    where
        b1_0.top_category_id=?
2025-05-12 14:49:49 - 
    select
        e1_0.event_detail_id,
        e1_0.event_id,
        e1_0.event_detail 
    from
        eventdetail e1_0 
    where
        e1_0.event_detail_id=?
2025-05-12 14:49:49 - 
    select
        e1_0.event_detail_id,
        e1_0.event_id,
        e1_0.event_detail 
    from
        eventdetail e1_0 
    where
        e1_0.event_detail_id=?
2025-05-12 14:49:49 - 
    select
        e1_0.event_detail_id,
        e1_0.event_id,
        e1_0.event_detail 
    from
        eventdetail e1_0 
    where
        e1_0.event_detail_id=?
2025-05-12 14:49:49 - 
    select
        e1_0.event_detail_id,
        e1_0.event_id,
        e1_0.event_detail 
    from
        eventdetail e1_0 
    where
        e1_0.event_detail_id=?
2025-05-12 14:49:49 - 
    select
        e1_0.event_detail_id,
        e1_0.event_id,
        e1_0.event_detail 
    from
        eventdetail e1_0 
    where
        e1_0.event_detail_id=?
2025-05-12 14:49:49 - 
    select
        e1_0.event_detail_id,
        e1_0.event_id,
        e1_0.event_detail 
    from
        eventdetail e1_0 
    where
        e1_0.event_detail_id=?
2025-05-12 14:49:49 - 
    select
        e1_0.event_detail_id,
        e1_0.event_id,
        e1_0.event_detail 
    from
        eventdetail e1_0 
    where
        e1_0.event_detail_id=?
2025-05-12 14:49:49 - 
    select
        e1_0.event_detail_id,
        e1_0.event_id,
        e1_0.event_detail 
    from
        eventdetail e1_0 
    where
        e1_0.event_detail_id=?
2025-05-12 14:49:49 - 
    select
        e1_0.event_detail_id,
        e1_0.event_id,
        e1_0.event_detail 
    from
        eventdetail e1_0 
    where
        e1_0.event_detail_id=?
2025-05-12 14:49:49 - 
    select
        e1_0.event_detail_id,
        e1_0.event_id,
        e1_0.event_detail 
    from
        eventdetail e1_0 
    where
        e1_0.event_detail_id=?
2025-05-12 14:49:49 - 
    select
        e1_0.event_detail_id,
        e1_0.event_id,
        e1_0.event_detail 
    from
        eventdetail e1_0 
    where
        e1_0.event_detail_id=?
2025-05-12 14:49:49 - 
    select
        e1_0.event_detail_id,
        e1_0.event_id,
        e1_0.event_detail 
    from
        eventdetail e1_0 
    where
        e1_0.event_detail_id=?
2025-05-12 14:49:49 - 
    select
        e1_0.event_detail_id,
        e1_0.event_id,
        e1_0.event_detail 
    from
        eventdetail e1_0 
    where
        e1_0.event_detail_id=?
2025-05-12 14:49:49 - 
    select
        e1_0.event_detail_id,
        e1_0.event_id,
        e1_0.event_detail 
    from
        eventdetail e1_0 
    where
        e1_0.event_detail_id=?
2025-05-12 14:49:49 - 
    select
        e1_0.event_detail_id,
        e1_0.event_id,
        e1_0.event_detail 
    from
        eventdetail e1_0 
    where
        e1_0.event_detail_id=?
2025-05-12 14:49:49 - 
    select
        e1_0.event_detail_id,
        e1_0.event_id,
        e1_0.event_detail 
    from
        eventdetail e1_0 
    where
        e1_0.event_detail_id=?
2025-05-12 14:49:49 - 
    select
        e1_0.event_detail_id,
        e1_0.event_id,
        e1_0.event_detail 
    from
        eventdetail e1_0 
    where
        e1_0.event_detail_id=?
2025-05-12 14:49:49 - 
    select
        e1_0.event_detail_id,
        e1_0.event_id,
        e1_0.event_detail 
    from
        eventdetail e1_0 
    where
        e1_0.event_detail_id=?
2025-05-12 14:49:49 - 
    select
        e1_0.event_detail_id,
        e1_0.event_id,
        e1_0.event_detail 
    from
        eventdetail e1_0 
    where
        e1_0.event_detail_id=?
2025-05-12 14:49:49 - 
    select
        e1_0.event_detail_id,
        e1_0.event_id,
        e1_0.event_detail 
    from
        eventdetail e1_0 
    where
        e1_0.event_detail_id=?
2025-05-12 14:49:49 - 
    select
        e1_0.event_detail_id,
        e1_0.event_id,
        e1_0.event_detail 
    from
        eventdetail e1_0 
    where
        e1_0.event_detail_id=?
2025-05-12 14:49:49 - 
    select
        e1_0.event_detail_id,
        e1_0.event_id,
        e1_0.event_detail 
    from
        eventdetail e1_0 
    where
        e1_0.event_detail_id=?
2025-05-12 14:49:49 - 
    select
        e1_0.event_detail_id,
        e1_0.event_id,
        e1_0.event_detail 
    from
        eventdetail e1_0 
    where
        e1_0.event_detail_id=?
2025-05-12 14:49:49 - 
    select
        e1_0.event_detail_id,
        e1_0.event_id,
        e1_0.event_detail 
    from
        eventdetail e1_0 
    where
        e1_0.event_detail_id=?
2025-05-12 14:49:49 - 
    select
        e1_0.event_detail_id,
        e1_0.event_id,
        e1_0.event_detail 
    from
        eventdetail e1_0 
    where
        e1_0.event_detail_id=?
2025-05-12 14:49:52 - 카테고리별 도서 조회 - 상위: null, 하위: null, 페이지: 0, 크기: 20, 정렬: bookId,asc, 기간: rating
2025-05-12 14:49:52 - 전체 도서 리스트 조회
2025-05-12 14:49:52 - 
    select
        b1_0.book_id,
        b1_0.writers_comment,
        b1_0.book_index,
        b1_0.cover,
        b1_0.discount_rate,
        b1_0.price,
        b1_0.publication_date,
        b1_0.publisher,
        b1_0.rating,
        b1_0.subcategory_id,
        b1_0.title,
        b1_0.top_category_id,
        b1_0.writer 
    from
        bookdetail b1_0 
    order by
        b1_0.rating desc 
    limit
        ?,?
2025-05-12 14:49:52 - 
    select
        count(b1_0.book_id) 
    from
        bookdetail b1_0
2025-05-12 14:49:52 - 카테고리별 도서 조회 - 상위: null, 하위: null, 페이지: 0, 크기: 20, 정렬: bookId,asc, 기간: rating
2025-05-12 14:49:52 - 전체 도서 리스트 조회
2025-05-12 14:49:52 - 
    select
        b1_0.book_id,
        b1_0.writers_comment,
        b1_0.book_index,
        b1_0.cover,
        b1_0.discount_rate,
        b1_0.price,
        b1_0.publication_date,
        b1_0.publisher,
        b1_0.rating,
        b1_0.subcategory_id,
        b1_0.title,
        b1_0.top_category_id,
        b1_0.writer 
    from
        bookdetail b1_0 
    order by
        b1_0.rating desc 
    limit
        ?,?
2025-05-12 14:49:52 - 
    select
        count(b1_0.book_id) 
    from
        bookdetail b1_0
2025-05-12 14:49:52 - 카테고리별 도서 조회 - 상위: null, 하위: null, 페이지: 0, 크기: 20, 정렬: bookId,asc, 기간: rating
2025-05-12 14:49:52 - 전체 도서 리스트 조회
2025-05-12 14:49:52 - 
    select
        b1_0.book_id,
        b1_0.writers_comment,
        b1_0.book_index,
        b1_0.cover,
        b1_0.discount_rate,
        b1_0.price,
        b1_0.publication_date,
        b1_0.publisher,
        b1_0.rating,
        b1_0.subcategory_id,
        b1_0.title,
        b1_0.top_category_id,
        b1_0.writer 
    from
        bookdetail b1_0 
    order by
        b1_0.rating desc 
    limit
        ?,?
2025-05-12 14:49:52 - 
    select
        count(b1_0.book_id) 
    from
        bookdetail b1_0
2025-05-12 14:51:43 - 카테고리별 도서 조회 - 상위: null, 하위: null, 페이지: 0, 크기: 20, 정렬: bookId,asc, 기간: rating
2025-05-12 14:51:43 - 전체 도서 리스트 조회
2025-05-12 14:51:43 - 
    select
        b1_0.book_id,
        b1_0.writers_comment,
        b1_0.book_index,
        b1_0.cover,
        b1_0.discount_rate,
        b1_0.price,
        b1_0.publication_date,
        b1_0.publisher,
        b1_0.rating,
        b1_0.subcategory_id,
        b1_0.title,
        b1_0.top_category_id,
        b1_0.writer 
    from
        bookdetail b1_0 
    order by
        b1_0.rating desc 
    limit
        ?,?
2025-05-12 14:51:43 - 
    select
        count(b1_0.book_id) 
    from
        bookdetail b1_0
2025-05-12 14:51:43 - 카테고리별 도서 조회 - 상위: null, 하위: null, 페이지: 0, 크기: 20, 정렬: bookId,asc, 기간: rating
2025-05-12 14:51:43 - 전체 도서 리스트 조회
2025-05-12 14:51:43 - 
    select
        b1_0.book_id,
        b1_0.writers_comment,
        b1_0.book_index,
        b1_0.cover,
        b1_0.discount_rate,
        b1_0.price,
        b1_0.publication_date,
        b1_0.publisher,
        b1_0.rating,
        b1_0.subcategory_id,
        b1_0.title,
        b1_0.top_category_id,
        b1_0.writer 
    from
        bookdetail b1_0 
    order by
        b1_0.rating desc 
    limit
        ?,?
2025-05-12 14:51:43 - 
    select
        count(b1_0.book_id) 
    from
        bookdetail b1_0
